<?xml version="1.0" encoding="UTF-8"?>
<!-- Generated by org.testng.reporters.JUnitXMLReporter -->
<testsuite ignored="0" hostname="chakim-ubuntu" failures="0" tests="6" name="Default test" time="3.443" errors="0" timestamp="2020-12-17T10:53:01 EST">
  <testcase classname="SpotifyTestNG.stng.TestUpdateDelete_01" name="addVinyl_WithAuth" time="1.924"/>
  <testcase classname="SpotifyTestNG.stng.TestUpdateDelete_01" name="updateVinyl_NoAuth" time="0.269"/>
  <testcase classname="SpotifyTestNG.stng.TestUpdateDelete_01" name="updateVinyl_WithAuth" time="0.292"/>
  <testcase classname="SpotifyTestNG.stng.TestUpdateDelete_01" name="deleteVinyl_NoAuth" time="0.302"/>
  <testcase classname="SpotifyTestNG.stng.TestUpdateDelete_01" name="deleteVinyl_WithAuth" time="0.304"/>
  <testcase classname="SpotifyTestNG.stng.TestUpdateDelete_01" name="deleteVinyl_NotExist" time="0.305"/>
</testsuite> <!-- Default test -->
